[ 2018-03-01T13:16:32+08:00 ] ::1 /trainee/Admin/Project/showProject.html
INFO: [ app_init ] --START--
INFO: Run Behavior\BuildLiteBehavior [ RunTime:0.000043s ]
INFO: [ app_init ] --END-- [ RunTime:0.015460s ]
INFO: [ app_begin ] --START--
INFO: Run Behavior\ReadHtmlCacheBehavior [ RunTime:0.016858s ]
INFO: [ app_begin ] --END-- [ RunTime:0.017091s ]
NOTIC: [8] Undefined index: admin_id D:\AppServ\www\trainee\Application\Admin\Controller\BaseController.class.php 第 19 行.

[ 2018-03-01T13:16:32+08:00 ] ::1 /trainee/Admin/Index/index.html
INFO: [ app_init ] --START--
INFO: Run Behavior\BuildLiteBehavior [ RunTime:0.000063s ]
INFO: [ app_init ] --END-- [ RunTime:0.000954s ]
INFO: [ app_begin ] --START--
INFO: Run Behavior\ReadHtmlCacheBehavior [ RunTime:0.000761s ]
INFO: [ app_begin ] --END-- [ RunTime:0.000952s ]
NOTIC: [8] Undefined index: admin_id D:\AppServ\www\trainee\Application\Admin\Controller\IndexController.class.php 第 26 行.
INFO: [ view_parse ] --START--
INFO: [ template_filter ] --START--
INFO: Run Behavior\ContentReplaceBehavior [ RunTime:0.000140s ]
INFO: [ template_filter ] --END-- [ RunTime:0.000415s ]
INFO: Run Behavior\ParseTemplateBehavior [ RunTime:0.100904s ]
INFO: [ view_parse ] --END-- [ RunTime:0.101244s ]
INFO: [ view_filter ] --START--
INFO: Run Behavior\WriteHtmlCacheBehavior [ RunTime:0.010292s ]
INFO: [ view_filter ] --END-- [ RunTime:0.010632s ]
INFO: [ app_end ] --START--
INFO: Run Behavior\ShowPageTraceBehavior [ RunTime:0.030869s ]
INFO: [ app_end ] --END-- [ RunTime:0.031232s ]

[ 2018-03-01T13:16:36+08:00 ] ::1 /trainee/Admin/Index/login
INFO: [ app_init ] --START--
INFO: Run Behavior\BuildLiteBehavior [ RunTime:0.000031s ]
INFO: [ app_init ] --END-- [ RunTime:0.000448s ]
INFO: [ app_begin ] --START--
INFO: Run Behavior\ReadHtmlCacheBehavior [ RunTime:0.000565s ]
INFO: [ app_begin ] --END-- [ RunTime:0.000707s ]
NOTIC: [8192] mysql_connect(): The mysql extension is deprecated and will be removed in the future: use mysqli or PDO instead D:\AppServ\www\trainee\ThinkPHP\Library\Think\Db\Driver\Mysql.class.php 第 52 行.
SQL: SHOW COLUMNS FROM `tp_admin` [ RunTime:0.073596s ]
SQL: SELECT * FROM `tp_admin`  [ RunTime:0.000655s ]
NOTIC: [8] Undefined variable: admininfo D:\AppServ\www\trainee\Application\Admin\Controller\IndexController.class.php 第 52 行.

[ 2018-03-01T13:16:36+08:00 ] ::1 /trainee/Admin/Project/showProject.html
INFO: [ app_init ] --START--
INFO: Run Behavior\BuildLiteBehavior [ RunTime:0.000048s ]
INFO: [ app_init ] --END-- [ RunTime:0.000774s ]
INFO: [ app_begin ] --START--
INFO: Run Behavior\ReadHtmlCacheBehavior [ RunTime:0.000709s ]
INFO: [ app_begin ] --END-- [ RunTime:0.000964s ]
NOTIC: [8] Undefined index: ids D:\AppServ\www\trainee\Application\Admin\Controller\ProjectController.class.php 第 262 行.
NOTIC: [8192] mysql_connect(): The mysql extension is deprecated and will be removed in the future: use mysqli or PDO instead D:\AppServ\www\trainee\ThinkPHP\Library\Think\Db\Driver\Mysql.class.php 第 52 行.
SQL: SHOW COLUMNS FROM `tp_project` [ RunTime:0.073879s ]
SQL: SELECT COUNT(*) AS tp_count FROM `tp_project` LIMIT 1   [ RunTime:0.000380s ]
SQL: SELECT * FROM `tp_project` ORDER BY AddTime desc,id asc LIMIT 0,8   [ RunTime:0.000524s ]
SQL: SHOW COLUMNS FROM `tp_admin` [ RunTime:0.001516s ]
SQL: SELECT * FROM `tp_admin` WHERE ( 1=id ) LIMIT 1   [ RunTime:0.000562s ]
INFO: [ view_parse ] --START--
INFO: [ template_filter ] --START--
INFO: Run Behavior\ContentReplaceBehavior [ RunTime:0.000111s ]
INFO: [ template_filter ] --END-- [ RunTime:0.000246s ]
INFO: Run Behavior\ParseTemplateBehavior [ RunTime:0.027494s ]
INFO: [ view_parse ] --END-- [ RunTime:0.027657s ]
INFO: [ view_filter ] --START--
INFO: Run Behavior\WriteHtmlCacheBehavior [ RunTime:0.000389s ]
INFO: [ view_filter ] --END-- [ RunTime:0.000508s ]
INFO: [ app_end ] --START--
INFO: Run Behavior\ShowPageTraceBehavior [ RunTime:0.000804s ]
INFO: [ app_end ] --END-- [ RunTime:0.000994s ]

[ 2018-03-01T13:17:13+08:00 ] ::1 /trainee/
INFO: [ app_init ] --START--
INFO: Run Behavior\BuildLiteBehavior [ RunTime:0.000051s ]
INFO: [ app_init ] --END-- [ RunTime:0.000602s ]
INFO: [ app_begin ] --START--
INFO: Run Behavior\ReadHtmlCacheBehavior [ RunTime:0.000630s ]
INFO: [ app_begin ] --END-- [ RunTime:0.000805s ]
NOTIC: [8192] mysql_connect(): The mysql extension is deprecated and will be removed in the future: use mysqli or PDO instead D:\AppServ\www\trainee\ThinkPHP\Library\Think\Db\Driver\Mysql.class.php 第 52 行.
SQL: SHOW COLUMNS FROM `tp_project` [ RunTime:0.001540s ]
SQL: SELECT * FROM `tp_project` WHERE ( pro_isFirst=1 ) ORDER BY pro_time_start desc  [ RunTime:0.000436s ]
INFO: [ view_parse ] --START--
INFO: [ template_filter ] --START--
INFO: Run Behavior\ContentReplaceBehavior [ RunTime:0.000104s ]
INFO: [ template_filter ] --END-- [ RunTime:0.000256s ]
INFO: Run Behavior\ParseTemplateBehavior [ RunTime:0.036456s ]
INFO: [ view_parse ] --END-- [ RunTime:0.036676s ]
INFO: [ view_filter ] --START--
INFO: Run Behavior\WriteHtmlCacheBehavior [ RunTime:0.000442s ]
INFO: [ view_filter ] --END-- [ RunTime:0.000562s ]
INFO: [ app_end ] --START--
INFO: Run Behavior\ShowPageTraceBehavior [ RunTime:0.000915s ]
INFO: [ app_end ] --END-- [ RunTime:0.001099s ]

[ 2018-03-01T13:17:20+08:00 ] ::1 /trainee/Home/Index/login/pro_id/110
INFO: [ app_init ] --START--
INFO: Run Behavior\BuildLiteBehavior [ RunTime:0.000034s ]
INFO: [ app_init ] --END-- [ RunTime:0.000500s ]
INFO: [ app_begin ] --START--
INFO: Run Behavior\ReadHtmlCacheBehavior [ RunTime:0.000788s ]
INFO: [ app_begin ] --END-- [ RunTime:0.000998s ]
NOTIC: [8192] mysql_connect(): The mysql extension is deprecated and will be removed in the future: use mysqli or PDO instead D:\AppServ\www\trainee\ThinkPHP\Library\Think\Db\Driver\Mysql.class.php 第 52 行.
SQL: SHOW COLUMNS FROM `tp_project` [ RunTime:0.001605s ]
SQL: SELECT * FROM `tp_project` WHERE ( id=110 ) LIMIT 1   [ RunTime:0.000426s ]
INFO: [ view_parse ] --START--
INFO: [ template_filter ] --START--
INFO: Run Behavior\ContentReplaceBehavior [ RunTime:0.000082s ]
INFO: [ template_filter ] --END-- [ RunTime:0.000240s ]
INFO: Run Behavior\ParseTemplateBehavior [ RunTime:0.021140s ]
INFO: [ view_parse ] --END-- [ RunTime:0.021393s ]
INFO: [ view_filter ] --START--
INFO: Run Behavior\WriteHtmlCacheBehavior [ RunTime:0.000431s ]
INFO: [ view_filter ] --END-- [ RunTime:0.000680s ]
INFO: [ app_end ] --START--
INFO: Run Behavior\ShowPageTraceBehavior [ RunTime:0.000793s ]
INFO: [ app_end ] --END-- [ RunTime:0.000939s ]

[ 2018-03-01T13:19:26+08:00 ] ::1 /trainee/Home/Index/login/pro_id/5
INFO: [ app_init ] --START--
INFO: Run Behavior\BuildLiteBehavior [ RunTime:0.000050s ]
INFO: [ app_init ] --END-- [ RunTime:0.000820s ]
INFO: [ app_begin ] --START--
INFO: Run Behavior\ReadHtmlCacheBehavior [ RunTime:0.001700s ]
INFO: [ app_begin ] --END-- [ RunTime:0.001994s ]
NOTIC: [8192] mysql_connect(): The mysql extension is deprecated and will be removed in the future: use mysqli or PDO instead D:\AppServ\www\trainee\ThinkPHP\Library\Think\Db\Driver\Mysql.class.php 第 52 行.
SQL: SHOW COLUMNS FROM `tp_project` [ RunTime:0.002054s ]
SQL: SELECT * FROM `tp_project` WHERE ( id=5 ) LIMIT 1   [ RunTime:0.000351s ]
INFO: [ view_parse ] --START--
INFO: [ template_filter ] --START--
INFO: Run Behavior\ContentReplaceBehavior [ RunTime:0.000133s ]
INFO: [ template_filter ] --END-- [ RunTime:0.000388s ]
INFO: Run Behavior\ParseTemplateBehavior [ RunTime:0.011994s ]
INFO: [ view_parse ] --END-- [ RunTime:0.012214s ]
INFO: [ view_filter ] --START--
INFO: Run Behavior\WriteHtmlCacheBehavior [ RunTime:0.001252s ]
INFO: [ view_filter ] --END-- [ RunTime:0.001494s ]
INFO: [ app_end ] --START--
INFO: Run Behavior\ShowPageTraceBehavior [ RunTime:0.001383s ]
INFO: [ app_end ] --END-- [ RunTime:0.001626s ]

[ 2018-03-01T13:20:06+08:00 ] ::1 /trainee/Home/Index/loginin/pro_id/5
INFO: [ app_init ] --START--
INFO: Run Behavior\BuildLiteBehavior [ RunTime:0.000029s ]
INFO: [ app_init ] --END-- [ RunTime:0.000808s ]
INFO: [ app_begin ] --START--
INFO: Run Behavior\ReadHtmlCacheBehavior [ RunTime:0.000999s ]
INFO: [ app_begin ] --END-- [ RunTime:0.001152s ]
NOTIC: [8192] mysql_connect(): The mysql extension is deprecated and will be removed in the future: use mysqli or PDO instead D:\AppServ\www\trainee\ThinkPHP\Library\Think\Db\Driver\Mysql.class.php 第 52 行.
SQL: SHOW COLUMNS FROM `tp_unit` [ RunTime:0.001997s ]
SQL: SELECT * FROM `tp_unit`  [ RunTime:0.000346s ]
SQL: SHOW COLUMNS FROM `tp_project` [ RunTime:0.000519s ]
SQL: SELECT * FROM `tp_project` WHERE ( id=5 ) LIMIT 1   [ RunTime:0.000441s ]

[ 2018-03-01T13:20:06+08:00 ] ::1 /trainee/Home/Project/showUnitProject.html
INFO: [ app_init ] --START--
INFO: Run Behavior\BuildLiteBehavior [ RunTime:0.000029s ]
INFO: [ app_init ] --END-- [ RunTime:0.000554s ]
INFO: [ app_begin ] --START--
INFO: Run Behavior\ReadHtmlCacheBehavior [ RunTime:0.000807s ]
INFO: [ app_begin ] --END-- [ RunTime:0.000935s ]
NOTIC: [8192] mysql_connect(): The mysql extension is deprecated and will be removed in the future: use mysqli or PDO instead D:\AppServ\www\trainee\ThinkPHP\Library\Think\Db\Driver\Mysql.class.php 第 52 行.
SQL: SHOW COLUMNS FROM `tp_project` [ RunTime:0.000709s ]
SQL: SELECT * FROM `tp_project` WHERE ( 5=id ) LIMIT 1   [ RunTime:0.000334s ]
INFO: [ view_parse ] --START--
INFO: [ template_filter ] --START--
INFO: Run Behavior\ContentReplaceBehavior [ RunTime:0.000113s ]
INFO: [ template_filter ] --END-- [ RunTime:0.000287s ]
NOTIC: [8] Undefined variable: project D:\AppServ\www\trainee\Application\Runtime\Cache\Home\fd2404ada6c18585a9f12ef8e7c240c6.php 第 257 行.
NOTIC: [8] Undefined variable: project D:\AppServ\www\trainee\Application\Runtime\Cache\Home\fd2404ada6c18585a9f12ef8e7c240c6.php 第 258 行.
INFO: Run Behavior\ParseTemplateBehavior [ RunTime:0.025880s ]
INFO: [ view_parse ] --END-- [ RunTime:0.026067s ]
INFO: [ view_filter ] --START--
INFO: Run Behavior\WriteHtmlCacheBehavior [ RunTime:0.000645s ]
INFO: [ view_filter ] --END-- [ RunTime:0.000777s ]
INFO: [ app_end ] --START--
INFO: Run Behavior\ShowPageTraceBehavior [ RunTime:0.001270s ]
INFO: [ app_end ] --END-- [ RunTime:0.001492s ]

[ 2018-03-01T13:20:09+08:00 ] ::1 /trainee/Home/Trainee/showTrainee
INFO: [ app_init ] --START--
INFO: Run Behavior\BuildLiteBehavior [ RunTime:0.000028s ]
INFO: [ app_init ] --END-- [ RunTime:0.000534s ]
INFO: [ app_begin ] --START--
INFO: Run Behavior\ReadHtmlCacheBehavior [ RunTime:0.000843s ]
INFO: [ app_begin ] --END-- [ RunTime:0.001010s ]
NOTIC: [8192] mysql_connect(): The mysql extension is deprecated and will be removed in the future: use mysqli or PDO instead D:\AppServ\www\trainee\ThinkPHP\Library\Think\Db\Driver\Mysql.class.php 第 52 行.
SQL: SHOW COLUMNS FROM `tp_trainee` [ RunTime:0.001594s ]
SQL: SELECT COUNT(*) AS tp_count FROM `tp_trainee` LIMIT 1   [ RunTime:0.000250s ]
SQL: SELECT * FROM `tp_trainee` WHERE ( 124=unit_id )  [ RunTime:0.000520s ]
INFO: [ view_parse ] --START--
INFO: [ template_filter ] --START--
INFO: Run Behavior\ContentReplaceBehavior [ RunTime:0.000105s ]
INFO: [ template_filter ] --END-- [ RunTime:0.000245s ]
INFO: Run Behavior\ParseTemplateBehavior [ RunTime:0.037467s ]
INFO: [ view_parse ] --END-- [ RunTime:0.037641s ]
INFO: [ view_filter ] --START--
INFO: Run Behavior\WriteHtmlCacheBehavior [ RunTime:0.000635s ]
INFO: [ view_filter ] --END-- [ RunTime:0.000760s ]
INFO: [ app_end ] --START--
INFO: Run Behavior\ShowPageTraceBehavior [ RunTime:0.001977s ]
INFO: [ app_end ] --END-- [ RunTime:0.002288s ]

[ 2018-03-01T13:20:11+08:00 ] ::1 /trainee/Home/Unit/showUnit
INFO: [ app_init ] --START--
INFO: Run Behavior\BuildLiteBehavior [ RunTime:0.000028s ]
INFO: [ app_init ] --END-- [ RunTime:0.000618s ]
INFO: [ app_begin ] --START--
INFO: Run Behavior\ReadHtmlCacheBehavior [ RunTime:0.001137s ]
INFO: [ app_begin ] --END-- [ RunTime:0.001324s ]
NOTIC: [8192] mysql_connect(): The mysql extension is deprecated and will be removed in the future: use mysqli or PDO instead D:\AppServ\www\trainee\ThinkPHP\Library\Think\Db\Driver\Mysql.class.php 第 52 行.
SQL: SHOW COLUMNS FROM `tp_unit` [ RunTime:0.000880s ]
SQL: SELECT * FROM `tp_unit` WHERE ( id=124 ) LIMIT 1   [ RunTime:0.000309s ]
INFO: [ view_parse ] --START--
INFO: [ template_filter ] --START--
INFO: Run Behavior\ContentReplaceBehavior [ RunTime:0.000100s ]
INFO: [ template_filter ] --END-- [ RunTime:0.000236s ]
NOTIC: [8] Undefined variable: project D:\AppServ\www\trainee\Application\Runtime\Cache\Home\b89d041236e62ab719b6f35a6fdd7659.php 第 287 行.
NOTIC: [8] Undefined variable: project D:\AppServ\www\trainee\Application\Runtime\Cache\Home\b89d041236e62ab719b6f35a6fdd7659.php 第 288 行.
INFO: Run Behavior\ParseTemplateBehavior [ RunTime:0.033475s ]
INFO: [ view_parse ] --END-- [ RunTime:0.033610s ]
INFO: [ view_filter ] --START--
INFO: Run Behavior\WriteHtmlCacheBehavior [ RunTime:0.000668s ]
INFO: [ view_filter ] --END-- [ RunTime:0.000787s ]
INFO: [ app_end ] --START--
INFO: Run Behavior\ShowPageTraceBehavior [ RunTime:0.001554s ]
INFO: [ app_end ] --END-- [ RunTime:0.001754s ]

[ 2018-03-01T13:20:11+08:00 ] ::1 /trainee/Home/Unit/updateUnit
INFO: [ app_init ] --START--
INFO: Run Behavior\BuildLiteBehavior [ RunTime:0.000032s ]
INFO: [ app_init ] --END-- [ RunTime:0.000547s ]
INFO: [ app_begin ] --START--
INFO: Run Behavior\ReadHtmlCacheBehavior [ RunTime:0.001244s ]
INFO: [ app_begin ] --END-- [ RunTime:0.001451s ]
NOTIC: [8192] mysql_connect(): The mysql extension is deprecated and will be removed in the future: use mysqli or PDO instead D:\AppServ\www\trainee\ThinkPHP\Library\Think\Db\Driver\Mysql.class.php 第 52 行.
SQL: SHOW COLUMNS FROM `tp_unit` [ RunTime:0.001855s ]
SQL: SELECT * FROM `tp_unit` WHERE ( id=124 ) LIMIT 1   [ RunTime:0.000421s ]
INFO: [ view_parse ] --START--
INFO: [ template_filter ] --START--
INFO: Run Behavior\ContentReplaceBehavior [ RunTime:0.000220s ]
INFO: [ template_filter ] --END-- [ RunTime:0.000411s ]
NOTIC: [8] Undefined variable: project D:\AppServ\www\trainee\Application\Runtime\Cache\Home\512e457a66b3cda6ffae6093473ffb5b.php 第 341 行.
NOTIC: [8] Undefined variable: project D:\AppServ\www\trainee\Application\Runtime\Cache\Home\512e457a66b3cda6ffae6093473ffb5b.php 第 342 行.
INFO: Run Behavior\ParseTemplateBehavior [ RunTime:0.038590s ]
INFO: [ view_parse ] --END-- [ RunTime:0.038749s ]
INFO: [ view_filter ] --START--
INFO: Run Behavior\WriteHtmlCacheBehavior [ RunTime:0.000986s ]
INFO: [ view_filter ] --END-- [ RunTime:0.001158s ]
INFO: [ app_end ] --START--
INFO: Run Behavior\ShowPageTraceBehavior [ RunTime:0.001584s ]
INFO: [ app_end ] --END-- [ RunTime:0.001864s ]

[ 2018-03-01T13:20:13+08:00 ] ::1 /trainee/Home/Unit/updatePwd
INFO: [ app_init ] --START--
INFO: Run Behavior\BuildLiteBehavior [ RunTime:0.000052s ]
INFO: [ app_init ] --END-- [ RunTime:0.000720s ]
INFO: [ app_begin ] --START--
INFO: Run Behavior\ReadHtmlCacheBehavior [ RunTime:0.001128s ]
INFO: [ app_begin ] --END-- [ RunTime:0.001333s ]
INFO: [ view_parse ] --START--
INFO: [ template_filter ] --START--
INFO: Run Behavior\ContentReplaceBehavior [ RunTime:0.000111s ]
INFO: [ template_filter ] --END-- [ RunTime:0.000265s ]
NOTIC: [8] Undefined variable: unitinfo D:\AppServ\www\trainee\Application\Runtime\Cache\Home\a13fbd5440e617c9e96bdd059c6ab74e.php 第 225 行.
INFO: Run Behavior\ParseTemplateBehavior [ RunTime:0.025366s ]
INFO: [ view_parse ] --END-- [ RunTime:0.025517s ]
INFO: [ view_filter ] --START--
INFO: Run Behavior\WriteHtmlCacheBehavior [ RunTime:0.000861s ]
INFO: [ view_filter ] --END-- [ RunTime:0.001038s ]
INFO: [ app_end ] --START--
INFO: Run Behavior\ShowPageTraceBehavior [ RunTime:0.001828s ]
INFO: [ app_end ] --END-- [ RunTime:0.002068s ]

[ 2018-03-01T13:20:14+08:00 ] ::1 /trainee/Home/Project/showUnitProject
INFO: [ app_init ] --START--
INFO: Run Behavior\BuildLiteBehavior [ RunTime:0.000058s ]
INFO: [ app_init ] --END-- [ RunTime:0.001005s ]
INFO: [ app_begin ] --START--
INFO: Run Behavior\ReadHtmlCacheBehavior [ RunTime:0.001143s ]
INFO: [ app_begin ] --END-- [ RunTime:0.001349s ]
NOTIC: [8192] mysql_connect(): The mysql extension is deprecated and will be removed in the future: use mysqli or PDO instead D:\AppServ\www\trainee\ThinkPHP\Library\Think\Db\Driver\Mysql.class.php 第 52 行.
SQL: SHOW COLUMNS FROM `tp_project` [ RunTime:0.000765s ]
SQL: SELECT * FROM `tp_project` WHERE ( 5=id ) LIMIT 1   [ RunTime:0.000294s ]
INFO: [ view_parse ] --START--
INFO: [ template_filter ] --START--
INFO: Run Behavior\ContentReplaceBehavior [ RunTime:0.000177s ]
INFO: [ template_filter ] --END-- [ RunTime:0.000420s ]
NOTIC: [8] Undefined variable: project D:\AppServ\www\trainee\Application\Runtime\Cache\Home\fd2404ada6c18585a9f12ef8e7c240c6.php 第 257 行.
NOTIC: [8] Undefined variable: project D:\AppServ\www\trainee\Application\Runtime\Cache\Home\fd2404ada6c18585a9f12ef8e7c240c6.php 第 258 行.
INFO: Run Behavior\ParseTemplateBehavior [ RunTime:0.015388s ]
INFO: [ view_parse ] --END-- [ RunTime:0.015541s ]
INFO: [ view_filter ] --START--
INFO: Run Behavior\WriteHtmlCacheBehavior [ RunTime:0.000734s ]
INFO: [ view_filter ] --END-- [ RunTime:0.000897s ]
INFO: [ app_end ] --START--
INFO: Run Behavior\ShowPageTraceBehavior [ RunTime:0.001559s ]
INFO: [ app_end ] --END-- [ RunTime:0.001809s ]

[ 2018-03-01T13:20:16+08:00 ] ::1 /trainee/Home/Trainee/showTrainee
INFO: [ app_init ] --START--
INFO: Run Behavior\BuildLiteBehavior [ RunTime:0.000051s ]
INFO: [ app_init ] --END-- [ RunTime:0.000911s ]
INFO: [ app_begin ] --START--
INFO: Run Behavior\ReadHtmlCacheBehavior [ RunTime:0.000983s ]
INFO: [ app_begin ] --END-- [ RunTime:0.001142s ]
NOTIC: [8192] mysql_connect(): The mysql extension is deprecated and will be removed in the future: use mysqli or PDO instead D:\AppServ\www\trainee\ThinkPHP\Library\Think\Db\Driver\Mysql.class.php 第 52 行.
SQL: SHOW COLUMNS FROM `tp_trainee` [ RunTime:0.001561s ]
SQL: SELECT COUNT(*) AS tp_count FROM `tp_trainee` LIMIT 1   [ RunTime:0.000233s ]
SQL: SELECT * FROM `tp_trainee` WHERE ( 124=unit_id )  [ RunTime:0.001136s ]
INFO: [ view_parse ] --START--
INFO: [ template_filter ] --START--
INFO: Run Behavior\ContentReplaceBehavior [ RunTime:0.000117s ]
INFO: [ template_filter ] --END-- [ RunTime:0.000283s ]
INFO: Run Behavior\ParseTemplateBehavior [ RunTime:0.017732s ]
INFO: [ view_parse ] --END-- [ RunTime:0.018052s ]
INFO: [ view_filter ] --START--
INFO: Run Behavior\WriteHtmlCacheBehavior [ RunTime:0.001075s ]
INFO: [ view_filter ] --END-- [ RunTime:0.001263s ]
INFO: [ app_end ] --START--
INFO: Run Behavior\ShowPageTraceBehavior [ RunTime:0.001549s ]
INFO: [ app_end ] --END-- [ RunTime:0.001814s ]

[ 2018-03-01T13:20:18+08:00 ] ::1 /trainee/Home/Unit/showUnit
INFO: [ app_init ] --START--
INFO: Run Behavior\BuildLiteBehavior [ RunTime:0.000029s ]
INFO: [ app_init ] --END-- [ RunTime:0.000574s ]
INFO: [ app_begin ] --START--
INFO: Run Behavior\ReadHtmlCacheBehavior [ RunTime:0.000985s ]
INFO: [ app_begin ] --END-- [ RunTime:0.001145s ]
NOTIC: [8192] mysql_connect(): The mysql extension is deprecated and will be removed in the future: use mysqli or PDO instead D:\AppServ\www\trainee\ThinkPHP\Library\Think\Db\Driver\Mysql.class.php 第 52 行.
SQL: SHOW COLUMNS FROM `tp_unit` [ RunTime:0.000629s ]
SQL: SELECT * FROM `tp_unit` WHERE ( id=124 ) LIMIT 1   [ RunTime:0.000314s ]
INFO: [ view_parse ] --START--
INFO: [ template_filter ] --START--
INFO: Run Behavior\ContentReplaceBehavior [ RunTime:0.000165s ]
INFO: [ template_filter ] --END-- [ RunTime:0.000365s ]
NOTIC: [8] Undefined variable: project D:\AppServ\www\trainee\Application\Runtime\Cache\Home\b89d041236e62ab719b6f35a6fdd7659.php 第 287 行.
NOTIC: [8] Undefined variable: project D:\AppServ\www\trainee\Application\Runtime\Cache\Home\b89d041236e62ab719b6f35a6fdd7659.php 第 288 行.
INFO: Run Behavior\ParseTemplateBehavior [ RunTime:0.014780s ]
INFO: [ view_parse ] --END-- [ RunTime:0.014939s ]
INFO: [ view_filter ] --START--
INFO: Run Behavior\WriteHtmlCacheBehavior [ RunTime:0.000778s ]
INFO: [ view_filter ] --END-- [ RunTime:0.000963s ]
INFO: [ app_end ] --START--
INFO: Run Behavior\ShowPageTraceBehavior [ RunTime:0.001542s ]
INFO: [ app_end ] --END-- [ RunTime:0.001786s ]

[ 2018-03-01T13:20:18+08:00 ] ::1 /trainee/Home/Unit/updateUnit
INFO: [ app_init ] --START--
INFO: Run Behavior\BuildLiteBehavior [ RunTime:0.000027s ]
INFO: [ app_init ] --END-- [ RunTime:0.000499s ]
INFO: [ app_begin ] --START--
INFO: Run Behavior\ReadHtmlCacheBehavior [ RunTime:0.000918s ]
INFO: [ app_begin ] --END-- [ RunTime:0.001052s ]
NOTIC: [8192] mysql_connect(): The mysql extension is deprecated and will be removed in the future: use mysqli or PDO instead D:\AppServ\www\trainee\ThinkPHP\Library\Think\Db\Driver\Mysql.class.php 第 52 行.
SQL: SHOW COLUMNS FROM `tp_unit` [ RunTime:0.001530s ]
SQL: SELECT * FROM `tp_unit` WHERE ( id=124 ) LIMIT 1   [ RunTime:0.015783s ]
INFO: [ view_parse ] --START--
INFO: [ template_filter ] --START--
INFO: Run Behavior\ContentReplaceBehavior [ RunTime:0.000167s ]
INFO: [ template_filter ] --END-- [ RunTime:0.000384s ]
NOTIC: [8] Undefined variable: project D:\AppServ\www\trainee\Application\Runtime\Cache\Home\512e457a66b3cda6ffae6093473ffb5b.php 第 341 行.
NOTIC: [8] Undefined variable: project D:\AppServ\www\trainee\Application\Runtime\Cache\Home\512e457a66b3cda6ffae6093473ffb5b.php 第 342 行.
INFO: Run Behavior\ParseTemplateBehavior [ RunTime:0.013045s ]
INFO: [ view_parse ] --END-- [ RunTime:0.013235s ]
INFO: [ view_filter ] --START--
INFO: Run Behavior\WriteHtmlCacheBehavior [ RunTime:0.000657s ]
INFO: [ view_filter ] --END-- [ RunTime:0.000803s ]
INFO: [ app_end ] --START--
INFO: Run Behavior\ShowPageTraceBehavior [ RunTime:0.001350s ]
INFO: [ app_end ] --END-- [ RunTime:0.001568s ]

[ 2018-03-01T13:24:47+08:00 ] ::1 /trainee/Home/Project/showUnitProject
INFO: [ app_init ] --START--
INFO: Run Behavior\BuildLiteBehavior [ RunTime:0.000027s ]
INFO: [ app_init ] --END-- [ RunTime:0.000635s ]
INFO: [ app_begin ] --START--
INFO: Run Behavior\ReadHtmlCacheBehavior [ RunTime:0.001201s ]
INFO: [ app_begin ] --END-- [ RunTime:0.001393s ]
NOTIC: [8192] mysql_connect(): The mysql extension is deprecated and will be removed in the future: use mysqli or PDO instead D:\AppServ\www\trainee\ThinkPHP\Library\Think\Db\Driver\Mysql.class.php 第 52 行.
SQL: SHOW COLUMNS FROM `tp_project` [ RunTime:0.001809s ]
SQL: SELECT * FROM `tp_project` WHERE ( 5=id ) LIMIT 1   [ RunTime:0.000892s ]
INFO: [ view_parse ] --START--
INFO: [ template_filter ] --START--
INFO: Run Behavior\ContentReplaceBehavior [ RunTime:0.000152s ]
INFO: [ template_filter ] --END-- [ RunTime:0.000359s ]
NOTIC: [8] Undefined variable: project D:\AppServ\www\trainee\Application\Runtime\Cache\Home\fd2404ada6c18585a9f12ef8e7c240c6.php 第 257 行.
NOTIC: [8] Undefined variable: project D:\AppServ\www\trainee\Application\Runtime\Cache\Home\fd2404ada6c18585a9f12ef8e7c240c6.php 第 258 行.
INFO: Run Behavior\ParseTemplateBehavior [ RunTime:0.012562s ]
INFO: [ view_parse ] --END-- [ RunTime:0.012786s ]
INFO: [ view_filter ] --START--
INFO: Run Behavior\WriteHtmlCacheBehavior [ RunTime:0.000650s ]
INFO: [ view_filter ] --END-- [ RunTime:0.000768s ]
INFO: [ app_end ] --START--
INFO: Run Behavior\ShowPageTraceBehavior [ RunTime:0.001781s ]
INFO: [ app_end ] --END-- [ RunTime:0.001992s ]

[ 2018-03-01T13:24:48+08:00 ] ::1 /trainee/Home/Trainee/showTrainee
INFO: [ app_init ] --START--
INFO: Run Behavior\BuildLiteBehavior [ RunTime:0.000040s ]
INFO: [ app_init ] --END-- [ RunTime:0.000737s ]
INFO: [ app_begin ] --START--
INFO: Run Behavior\ReadHtmlCacheBehavior [ RunTime:0.000920s ]
INFO: [ app_begin ] --END-- [ RunTime:0.001074s ]
NOTIC: [8192] mysql_connect(): The mysql extension is deprecated and will be removed in the future: use mysqli or PDO instead D:\AppServ\www\trainee\ThinkPHP\Library\Think\Db\Driver\Mysql.class.php 第 52 行.
SQL: SHOW COLUMNS FROM `tp_trainee` [ RunTime:0.001804s ]
SQL: SELECT COUNT(*) AS tp_count FROM `tp_trainee` LIMIT 1   [ RunTime:0.000258s ]
SQL: SELECT * FROM `tp_trainee` WHERE ( 124=unit_id )  [ RunTime:0.000390s ]
INFO: [ view_parse ] --START--
INFO: [ template_filter ] --START--
INFO: Run Behavior\ContentReplaceBehavior [ RunTime:0.000104s ]
INFO: [ template_filter ] --END-- [ RunTime:0.000238s ]
INFO: Run Behavior\ParseTemplateBehavior [ RunTime:0.013491s ]
INFO: [ view_parse ] --END-- [ RunTime:0.013656s ]
INFO: [ view_filter ] --START--
INFO: Run Behavior\WriteHtmlCacheBehavior [ RunTime:0.000661s ]
INFO: [ view_filter ] --END-- [ RunTime:0.000792s ]
INFO: [ app_end ] --START--
INFO: Run Behavior\ShowPageTraceBehavior [ RunTime:0.001130s ]
INFO: [ app_end ] --END-- [ RunTime:0.001342s ]

[ 2018-03-01T13:24:50+08:00 ] ::1 /trainee/Home/Project/showUnitProject
INFO: [ app_init ] --START--
INFO: Run Behavior\BuildLiteBehavior [ RunTime:0.000028s ]
INFO: [ app_init ] --END-- [ RunTime:0.000528s ]
INFO: [ app_begin ] --START--
INFO: Run Behavior\ReadHtmlCacheBehavior [ RunTime:0.000974s ]
INFO: [ app_begin ] --END-- [ RunTime:0.001126s ]
NOTIC: [8192] mysql_connect(): The mysql extension is deprecated and will be removed in the future: use mysqli or PDO instead D:\AppServ\www\trainee\ThinkPHP\Library\Think\Db\Driver\Mysql.class.php 第 52 行.
SQL: SHOW COLUMNS FROM `tp_project` [ RunTime:0.001605s ]
SQL: SELECT * FROM `tp_project` WHERE ( 5=id ) LIMIT 1   [ RunTime:0.000417s ]
INFO: [ view_parse ] --START--
INFO: [ template_filter ] --START--
INFO: Run Behavior\ContentReplaceBehavior [ RunTime:0.000107s ]
INFO: [ template_filter ] --END-- [ RunTime:0.000261s ]
NOTIC: [8] Undefined variable: project D:\AppServ\www\trainee\Application\Runtime\Cache\Home\fd2404ada6c18585a9f12ef8e7c240c6.php 第 257 行.
NOTIC: [8] Undefined variable: project D:\AppServ\www\trainee\Application\Runtime\Cache\Home\fd2404ada6c18585a9f12ef8e7c240c6.php 第 258 行.
INFO: Run Behavior\ParseTemplateBehavior [ RunTime:0.012788s ]
INFO: [ view_parse ] --END-- [ RunTime:0.012965s ]
INFO: [ view_filter ] --START--
INFO: Run Behavior\WriteHtmlCacheBehavior [ RunTime:0.000692s ]
INFO: [ view_filter ] --END-- [ RunTime:0.000826s ]
INFO: [ app_end ] --START--
INFO: Run Behavior\ShowPageTraceBehavior [ RunTime:0.001250s ]
INFO: [ app_end ] --END-- [ RunTime:0.001483s ]

[ 2018-03-01T13:53:08+08:00 ] ::1 /trainee/Admin/Project/showProject.html
INFO: [ app_init ] --START--
INFO: Run Behavior\BuildLiteBehavior [ RunTime:0.000032s ]
INFO: [ app_init ] --END-- [ RunTime:0.000523s ]
INFO: [ app_begin ] --START--
INFO: Run Behavior\ReadHtmlCacheBehavior [ RunTime:0.001311s ]
INFO: [ app_begin ] --END-- [ RunTime:0.001529s ]
NOTIC: [8] Undefined index: ids D:\AppServ\www\trainee\Application\Admin\Controller\ProjectController.class.php 第 262 行.
NOTIC: [8192] mysql_connect(): The mysql extension is deprecated and will be removed in the future: use mysqli or PDO instead D:\AppServ\www\trainee\ThinkPHP\Library\Think\Db\Driver\Mysql.class.php 第 52 行.
SQL: SHOW COLUMNS FROM `tp_project` [ RunTime:0.037417s ]
SQL: SELECT COUNT(*) AS tp_count FROM `tp_project` LIMIT 1   [ RunTime:0.000620s ]
SQL: SELECT * FROM `tp_project` ORDER BY AddTime desc,id asc LIMIT 0,8   [ RunTime:0.000933s ]
SQL: SHOW COLUMNS FROM `tp_admin` [ RunTime:0.038693s ]
SQL: SELECT * FROM `tp_admin` WHERE ( 1=id ) LIMIT 1   [ RunTime:0.000762s ]
INFO: [ view_parse ] --START--
INFO: [ template_filter ] --START--
INFO: Run Behavior\ContentReplaceBehavior [ RunTime:0.000150s ]
INFO: [ template_filter ] --END-- [ RunTime:0.000338s ]
INFO: Run Behavior\ParseTemplateBehavior [ RunTime:0.023625s ]
INFO: [ view_parse ] --END-- [ RunTime:0.024039s ]
INFO: [ view_filter ] --START--
INFO: Run Behavior\WriteHtmlCacheBehavior [ RunTime:0.001424s ]
INFO: [ view_filter ] --END-- [ RunTime:0.001621s ]
INFO: [ app_end ] --START--
INFO: Run Behavior\ShowPageTraceBehavior [ RunTime:0.001195s ]
INFO: [ app_end ] --END-- [ RunTime:0.001407s ]

[ 2018-03-01T13:53:12+08:00 ] ::1 /trainee/Admin
INFO: [ app_init ] --START--
INFO: Run Behavior\BuildLiteBehavior [ RunTime:0.000037s ]
INFO: [ app_init ] --END-- [ RunTime:0.000559s ]
INFO: [ app_begin ] --START--
INFO: Run Behavior\ReadHtmlCacheBehavior [ RunTime:0.000789s ]
INFO: [ app_begin ] --END-- [ RunTime:0.000939s ]
INFO: [ view_parse ] --START--
INFO: [ template_filter ] --START--
INFO: Run Behavior\ContentReplaceBehavior [ RunTime:0.000080s ]
INFO: [ template_filter ] --END-- [ RunTime:0.000235s ]
INFO: Run Behavior\ParseTemplateBehavior [ RunTime:0.009786s ]
INFO: [ view_parse ] --END-- [ RunTime:0.009936s ]
INFO: [ view_filter ] --START--
INFO: Run Behavior\WriteHtmlCacheBehavior [ RunTime:0.000480s ]
INFO: [ view_filter ] --END-- [ RunTime:0.000610s ]
INFO: [ app_end ] --START--
INFO: Run Behavior\ShowPageTraceBehavior [ RunTime:0.000661s ]
INFO: [ app_end ] --END-- [ RunTime:0.000783s ]

[ 2018-03-01T13:53:16+08:00 ] ::1 /trainee/Admin/Index/login
INFO: [ app_init ] --START--
INFO: Run Behavior\BuildLiteBehavior [ RunTime:0.000026s ]
INFO: [ app_init ] --END-- [ RunTime:0.000508s ]
INFO: [ app_begin ] --START--
INFO: Run Behavior\ReadHtmlCacheBehavior [ RunTime:0.000640s ]
INFO: [ app_begin ] --END-- [ RunTime:0.000771s ]
NOTIC: [8192] mysql_connect(): The mysql extension is deprecated and will be removed in the future: use mysqli or PDO instead D:\AppServ\www\trainee\ThinkPHP\Library\Think\Db\Driver\Mysql.class.php 第 52 行.
SQL: SHOW COLUMNS FROM `tp_admin` [ RunTime:0.001478s ]
SQL: SELECT * FROM `tp_admin`  [ RunTime:0.000632s ]
INFO: [ view_parse ] --START--
INFO: [ template_filter ] --START--
INFO: Run Behavior\ContentReplaceBehavior [ RunTime:0.000201s ]
INFO: [ template_filter ] --END-- [ RunTime:0.000627s ]
INFO: Run Behavior\ParseTemplateBehavior [ RunTime:0.065551s ]
INFO: [ view_parse ] --END-- [ RunTime:0.066015s ]
INFO: [ view_filter ] --START--
INFO: Run Behavior\WriteHtmlCacheBehavior [ RunTime:0.001338s ]
INFO: [ view_filter ] --END-- [ RunTime:0.001660s ]

[ 2018-03-01T13:53:27+08:00 ] ::1 /trainee/Admin/Index/login
INFO: [ app_init ] --START--
INFO: Run Behavior\BuildLiteBehavior [ RunTime:0.000028s ]
INFO: [ app_init ] --END-- [ RunTime:0.000520s ]
INFO: [ app_begin ] --START--
INFO: Run Behavior\ReadHtmlCacheBehavior [ RunTime:0.000682s ]
INFO: [ app_begin ] --END-- [ RunTime:0.000849s ]
NOTIC: [8192] mysql_connect(): The mysql extension is deprecated and will be removed in the future: use mysqli or PDO instead D:\AppServ\www\trainee\ThinkPHP\Library\Think\Db\Driver\Mysql.class.php 第 52 行.
SQL: SHOW COLUMNS FROM `tp_admin` [ RunTime:0.001565s ]
SQL: SELECT * FROM `tp_admin`  [ RunTime:0.000976s ]
NOTIC: [8] Undefined variable: admininfo D:\AppServ\www\trainee\Application\Admin\Controller\IndexController.class.php 第 52 行.

[ 2018-03-01T13:53:27+08:00 ] ::1 /trainee/Admin/Project/showProject.html
INFO: [ app_init ] --START--
INFO: Run Behavior\BuildLiteBehavior [ RunTime:0.000048s ]
INFO: [ app_init ] --END-- [ RunTime:0.000864s ]
INFO: [ app_begin ] --START--
INFO: Run Behavior\ReadHtmlCacheBehavior [ RunTime:0.001170s ]
INFO: [ app_begin ] --END-- [ RunTime:0.001416s ]
NOTIC: [8] Undefined index: ids D:\AppServ\www\trainee\Application\Admin\Controller\ProjectController.class.php 第 262 行.
NOTIC: [8192] mysql_connect(): The mysql extension is deprecated and will be removed in the future: use mysqli or PDO instead D:\AppServ\www\trainee\ThinkPHP\Library\Think\Db\Driver\Mysql.class.php 第 52 行.
SQL: SHOW COLUMNS FROM `tp_project` [ RunTime:0.000750s ]
SQL: SELECT COUNT(*) AS tp_count FROM `tp_project` LIMIT 1   [ RunTime:0.000310s ]
SQL: SELECT * FROM `tp_project` ORDER BY AddTime desc,id asc LIMIT 0,8   [ RunTime:0.000442s ]
SQL: SHOW COLUMNS FROM `tp_admin` [ RunTime:0.001417s ]
SQL: SELECT * FROM `tp_admin` WHERE ( 1=id ) LIMIT 1   [ RunTime:0.000316s ]
INFO: [ view_parse ] --START--
INFO: [ template_filter ] --START--
INFO: Run Behavior\ContentReplaceBehavior [ RunTime:0.000184s ]
INFO: [ template_filter ] --END-- [ RunTime:0.000358s ]
INFO: Run Behavior\ParseTemplateBehavior [ RunTime:0.013948s ]
INFO: [ view_parse ] --END-- [ RunTime:0.014100s ]
INFO: [ view_filter ] --START--
INFO: Run Behavior\WriteHtmlCacheBehavior [ RunTime:0.000716s ]
INFO: [ view_filter ] --END-- [ RunTime:0.000872s ]
INFO: [ app_end ] --START--
INFO: Run Behavior\ShowPageTraceBehavior [ RunTime:0.001274s ]
INFO: [ app_end ] --END-- [ RunTime:0.001505s ]

[ 2018-03-01T13:53:52+08:00 ] ::1 /trainee/Admin/Project/addProject
INFO: [ app_init ] --START--
INFO: Run Behavior\BuildLiteBehavior [ RunTime:0.000054s ]
INFO: [ app_init ] --END-- [ RunTime:0.001075s ]
INFO: [ app_begin ] --START--
INFO: Run Behavior\ReadHtmlCacheBehavior [ RunTime:0.001432s ]
INFO: [ app_begin ] --END-- [ RunTime:0.001699s ]
INFO: [ view_parse ] --START--
INFO: [ template_filter ] --START--
INFO: Run Behavior\ContentReplaceBehavior [ RunTime:0.000202s ]
INFO: [ template_filter ] --END-- [ RunTime:0.000456s ]
INFO: Run Behavior\ParseTemplateBehavior [ RunTime:0.078405s ]
INFO: [ view_parse ] --END-- [ RunTime:0.078637s ]
INFO: [ view_filter ] --START--
INFO: Run Behavior\WriteHtmlCacheBehavior [ RunTime:0.001153s ]
INFO: [ view_filter ] --END-- [ RunTime:0.001392s ]
INFO: [ app_end ] --START--
INFO: Run Behavior\ShowPageTraceBehavior [ RunTime:0.002254s ]
INFO: [ app_end ] --END-- [ RunTime:0.003045s ]

[ 2018-03-01T13:53:57+08:00 ] ::1 /trainee/Admin/Unit/showUnit/pro_id/111
INFO: [ app_init ] --START--
INFO: Run Behavior\BuildLiteBehavior [ RunTime:0.000035s ]
INFO: [ app_init ] --END-- [ RunTime:0.000620s ]
INFO: [ app_begin ] --START--
INFO: Run Behavior\ReadHtmlCacheBehavior [ RunTime:0.001220s ]
INFO: [ app_begin ] --END-- [ RunTime:0.001449s ]
NOTIC: [8192] mysql_connect(): The mysql extension is deprecated and will be removed in the future: use mysqli or PDO instead D:\AppServ\www\trainee\ThinkPHP\Library\Think\Db\Driver\Mysql.class.php 第 52 行.
SQL: SHOW COLUMNS FROM `tp_unit` [ RunTime:0.000644s ]
SQL: SELECT COUNT(*) AS tp_count FROM `tp_unit` WHERE ( 111=pro_id ) LIMIT 1   [ RunTime:0.000285s ]
SQL: SELECT * FROM `tp_unit` WHERE ( 111=pro_id ) ORDER BY id asc LIMIT 0,8   [ RunTime:0.000438s ]
INFO: [ view_parse ] --START--
INFO: [ template_filter ] --START--
INFO: Run Behavior\ContentReplaceBehavior [ RunTime:0.000111s ]
INFO: [ template_filter ] --END-- [ RunTime:0.000242s ]
INFO: Run Behavior\ParseTemplateBehavior [ RunTime:0.034368s ]
INFO: [ view_parse ] --END-- [ RunTime:0.034591s ]
INFO: [ view_filter ] --START--
INFO: Run Behavior\WriteHtmlCacheBehavior [ RunTime:0.000962s ]
INFO: [ view_filter ] --END-- [ RunTime:0.001131s ]
INFO: [ app_end ] --START--
INFO: Run Behavior\ShowPageTraceBehavior [ RunTime:0.001459s ]
INFO: [ app_end ] --END-- [ RunTime:0.001667s ]

[ 2018-03-01T13:54:09+08:00 ] ::1 /trainee/Admin/Unit/showUnit/pro_id/5
INFO: [ app_init ] --START--
INFO: Run Behavior\BuildLiteBehavior [ RunTime:0.000032s ]
INFO: [ app_init ] --END-- [ RunTime:0.000563s ]
INFO: [ app_begin ] --START--
INFO: Run Behavior\ReadHtmlCacheBehavior [ RunTime:0.000774s ]
INFO: [ app_begin ] --END-- [ RunTime:0.000921s ]
NOTIC: [8192] mysql_connect(): The mysql extension is deprecated and will be removed in the future: use mysqli or PDO instead D:\AppServ\www\trainee\ThinkPHP\Library\Think\Db\Driver\Mysql.class.php 第 52 行.
SQL: SHOW COLUMNS FROM `tp_unit` [ RunTime:0.000576s ]
SQL: SELECT COUNT(*) AS tp_count FROM `tp_unit` WHERE ( 5=pro_id ) LIMIT 1   [ RunTime:0.000302s ]
SQL: SELECT * FROM `tp_unit` WHERE ( 5=pro_id ) ORDER BY id asc LIMIT 0,8   [ RunTime:0.000333s ]
SQL: SHOW COLUMNS FROM `tp_trainee` [ RunTime:0.001587s ]
SQL: SELECT COUNT(*) AS tp_count FROM `tp_trainee` WHERE ( 124=unit_id ) LIMIT 1   [ RunTime:0.000324s ]
SQL: SELECT COUNT(*) AS tp_count FROM `tp_trainee` WHERE ( 138=unit_id ) LIMIT 1   [ RunTime:0.000262s ]
SQL: SELECT COUNT(*) AS tp_count FROM `tp_trainee` WHERE ( 139=unit_id ) LIMIT 1   [ RunTime:0.000232s ]
SQL: SELECT COUNT(*) AS tp_count FROM `tp_trainee` WHERE ( 140=unit_id ) LIMIT 1   [ RunTime:0.000209s ]
INFO: [ view_parse ] --START--
INFO: [ template_filter ] --START--
INFO: Run Behavior\ContentReplaceBehavior [ RunTime:0.000123s ]
INFO: [ template_filter ] --END-- [ RunTime:0.000271s ]
NOTIC: [8] Undefined variable: project D:\AppServ\www\trainee\Application\Runtime\Cache\Admin\c8f0d7c85c279742f10ad5cccca26a81.php 第 281 行.
NOTIC: [8] Undefined variable: project D:\AppServ\www\trainee\Application\Runtime\Cache\Admin\c8f0d7c85c279742f10ad5cccca26a81.php 第 281 行.
NOTIC: [8] Undefined variable: project D:\AppServ\www\trainee\Application\Runtime\Cache\Admin\c8f0d7c85c279742f10ad5cccca26a81.php 第 281 行.
NOTIC: [8] Undefined variable: project D:\AppServ\www\trainee\Application\Runtime\Cache\Admin\c8f0d7c85c279742f10ad5cccca26a81.php 第 281 行.
INFO: Run Behavior\ParseTemplateBehavior [ RunTime:0.014748s ]
INFO: [ view_parse ] --END-- [ RunTime:0.014899s ]
INFO: [ view_filter ] --START--
INFO: Run Behavior\WriteHtmlCacheBehavior [ RunTime:0.000527s ]
INFO: [ view_filter ] --END-- [ RunTime:0.000662s ]
INFO: [ app_end ] --START--
INFO: Run Behavior\ShowPageTraceBehavior [ RunTime:0.000947s ]
INFO: [ app_end ] --END-- [ RunTime:0.001158s ]

[ 2018-03-01T13:54:18+08:00 ] ::1 /trainee/Admin/Unit/addUnit/pro_id/5
INFO: [ app_init ] --START--
INFO: Run Behavior\BuildLiteBehavior [ RunTime:0.000028s ]
INFO: [ app_init ] --END-- [ RunTime:0.000551s ]
INFO: [ app_begin ] --START--
INFO: Run Behavior\ReadHtmlCacheBehavior [ RunTime:0.000866s ]
INFO: [ app_begin ] --END-- [ RunTime:0.001015s ]
INFO: [ view_parse ] --START--
INFO: [ template_filter ] --START--
INFO: Run Behavior\ContentReplaceBehavior [ RunTime:0.000145s ]
INFO: [ template_filter ] --END-- [ RunTime:0.000281s ]
NOTIC: [8] Undefined variable: unitinfo D:\AppServ\www\trainee\Application\Runtime\Cache\Admin\942cb0dfeaecfa1e731a71edc6176574.php 第 176 行.
NOTIC: [8] Undefined variable: unitinfo D:\AppServ\www\trainee\Application\Runtime\Cache\Admin\942cb0dfeaecfa1e731a71edc6176574.php 第 187 行.
NOTIC: [8] Undefined variable: unitinfo D:\AppServ\www\trainee\Application\Runtime\Cache\Admin\942cb0dfeaecfa1e731a71edc6176574.php 第 198 行.
NOTIC: [8] Undefined variable: unitinfo D:\AppServ\www\trainee\Application\Runtime\Cache\Admin\942cb0dfeaecfa1e731a71edc6176574.php 第 208 行.
NOTIC: [8] Undefined variable: unitinfo D:\AppServ\www\trainee\Application\Runtime\Cache\Admin\942cb0dfeaecfa1e731a71edc6176574.php 第 218 行.
NOTIC: [8] Undefined variable: unitinfo D:\AppServ\www\trainee\Application\Runtime\Cache\Admin\942cb0dfeaecfa1e731a71edc6176574.php 第 227 行.
NOTIC: [8] Undefined variable: unitinfo D:\AppServ\www\trainee\Application\Runtime\Cache\Admin\942cb0dfeaecfa1e731a71edc6176574.php 第 237 行.
NOTIC: [8] Undefined variable: unitinfo D:\AppServ\www\trainee\Application\Runtime\Cache\Admin\942cb0dfeaecfa1e731a71edc6176574.php 第 246 行.
NOTIC: [8] Undefined variable: unitinfo D:\AppServ\www\trainee\Application\Runtime\Cache\Admin\942cb0dfeaecfa1e731a71edc6176574.php 第 265 行.
NOTIC: [8] Undefined variable: unitinfo D:\AppServ\www\trainee\Application\Runtime\Cache\Admin\942cb0dfeaecfa1e731a71edc6176574.php 第 276 行.
INFO: Run Behavior\ParseTemplateBehavior [ RunTime:0.043604s ]
INFO: [ view_parse ] --END-- [ RunTime:0.043758s ]
INFO: [ view_filter ] --START--
INFO: Run Behavior\WriteHtmlCacheBehavior [ RunTime:0.000534s ]
INFO: [ view_filter ] --END-- [ RunTime:0.000652s ]
INFO: [ app_end ] --START--
INFO: Run Behavior\ShowPageTraceBehavior [ RunTime:0.001272s ]
INFO: [ app_end ] --END-- [ RunTime:0.001480s ]

[ 2018-03-01T13:54:21+08:00 ] ::1 /trainee/Admin/Project/expTrainee/pro_id/5
INFO: [ app_init ] --START--
INFO: Run Behavior\BuildLiteBehavior [ RunTime:0.000029s ]
INFO: [ app_init ] --END-- [ RunTime:0.000531s ]
INFO: [ app_begin ] --START--
INFO: Run Behavior\ReadHtmlCacheBehavior [ RunTime:0.000846s ]
INFO: [ app_begin ] --END-- [ RunTime:0.000979s ]
NOTIC: [8192] mysql_connect(): The mysql extension is deprecated and will be removed in the future: use mysqli or PDO instead D:\AppServ\www\trainee\ThinkPHP\Library\Think\Db\Driver\Mysql.class.php 第 52 行.
SQL: SHOW COLUMNS FROM `tp_trainee` [ RunTime:0.001528s ]
SQL: SELECT `tra_name`,`tra_sex`,`unit_name`,`tra_depart`,`tra_job`,`tra_telephone`,`tra_fixphone`,`tra_zidcode`,`tra_email`,`tra_address`,`tra_remark` FROM `tp_trainee`  [ RunTime:0.000307s ]
NOTIC: [8] Undefined index: sex D:\AppServ\www\trainee\Application\Admin\Controller\ProjectController.class.php 第 47 行.
NOTIC: [8] Undefined index: sex D:\AppServ\www\trainee\Application\Admin\Controller\ProjectController.class.php 第 47 行.
NOTIC: [8] Undefined index: account D:\AppServ\www\trainee\Application\Admin\Controller\ProjectController.class.php 第 95 行.

[ 2018-03-01T14:03:54+08:00 ] ::1 /trainee/Admin/Admin/showAdmin
INFO: [ app_init ] --START--
INFO: Run Behavior\BuildLiteBehavior [ RunTime:0.000031s ]
INFO: [ app_init ] --END-- [ RunTime:0.000597s ]
INFO: [ app_begin ] --START--
INFO: Run Behavior\ReadHtmlCacheBehavior [ RunTime:0.000775s ]
INFO: [ app_begin ] --END-- [ RunTime:0.000926s ]
NOTIC: [8192] mysql_connect(): The mysql extension is deprecated and will be removed in the future: use mysqli or PDO instead D:\AppServ\www\trainee\ThinkPHP\Library\Think\Db\Driver\Mysql.class.php 第 52 行.
SQL: SHOW COLUMNS FROM `tp_admin` [ RunTime:0.002058s ]
SQL: SELECT * FROM `tp_admin` WHERE ( id=1 ) LIMIT 1   [ RunTime:0.000319s ]
INFO: [ view_parse ] --START--
INFO: [ template_filter ] --START--
INFO: Run Behavior\ContentReplaceBehavior [ RunTime:0.000130s ]
INFO: [ template_filter ] --END-- [ RunTime:0.000288s ]
INFO: Run Behavior\ParseTemplateBehavior [ RunTime:0.020094s ]
INFO: [ view_parse ] --END-- [ RunTime:0.020286s ]
INFO: [ view_filter ] --START--
INFO: Run Behavior\WriteHtmlCacheBehavior [ RunTime:0.000563s ]
INFO: [ view_filter ] --END-- [ RunTime:0.000718s ]
INFO: [ app_end ] --START--
INFO: Run Behavior\ShowPageTraceBehavior [ RunTime:0.001213s ]
INFO: [ app_end ] --END-- [ RunTime:0.001529s ]

[ 2018-03-01T14:03:56+08:00 ] ::1 /trainee/Admin/Admin/updatePwd
INFO: [ app_init ] --START--
INFO: Run Behavior\BuildLiteBehavior [ RunTime:0.000027s ]
INFO: [ app_init ] --END-- [ RunTime:0.000538s ]
INFO: [ app_begin ] --START--
INFO: Run Behavior\ReadHtmlCacheBehavior [ RunTime:0.000787s ]
INFO: [ app_begin ] --END-- [ RunTime:0.000914s ]
INFO: [ view_parse ] --START--
INFO: [ template_filter ] --START--
INFO: Run Behavior\ContentReplaceBehavior [ RunTime:0.000097s ]
INFO: [ template_filter ] --END-- [ RunTime:0.000233s ]
INFO: Run Behavior\ParseTemplateBehavior [ RunTime:0.032554s ]
INFO: [ view_parse ] --END-- [ RunTime:0.032709s ]
INFO: [ view_filter ] --START--
INFO: Run Behavior\WriteHtmlCacheBehavior [ RunTime:0.000738s ]
INFO: [ view_filter ] --END-- [ RunTime:0.000868s ]
INFO: [ app_end ] --START--
INFO: Run Behavior\ShowPageTraceBehavior [ RunTime:0.001242s ]
INFO: [ app_end ] --END-- [ RunTime:0.001684s ]

[ 2018-03-01T14:03:58+08:00 ] ::1 /trainee/Admin/Index/loginout
INFO: [ app_init ] --START--
INFO: Run Behavior\BuildLiteBehavior [ RunTime:0.000029s ]
INFO: [ app_init ] --END-- [ RunTime:0.000525s ]
INFO: [ app_begin ] --START--
INFO: Run Behavior\ReadHtmlCacheBehavior [ RunTime:0.000644s ]
INFO: [ app_begin ] --END-- [ RunTime:0.000775s ]

[ 2018-03-01T14:03:58+08:00 ] ::1 /trainee/Admin/Index/index.html
INFO: [ app_init ] --START--
INFO: Run Behavior\BuildLiteBehavior [ RunTime:0.000033s ]
INFO: [ app_init ] --END-- [ RunTime:0.000613s ]
INFO: [ app_begin ] --START--
INFO: Run Behavior\ReadHtmlCacheBehavior [ RunTime:0.000772s ]
INFO: [ app_begin ] --END-- [ RunTime:0.000957s ]
NOTIC: [8] Undefined index: admin_id D:\AppServ\www\trainee\Application\Admin\Controller\IndexController.class.php 第 26 行.
INFO: [ view_parse ] --START--
INFO: [ template_filter ] --START--
INFO: Run Behavior\ContentReplaceBehavior [ RunTime:0.000107s ]
INFO: [ template_filter ] --END-- [ RunTime:0.000292s ]
INFO: Run Behavior\ParseTemplateBehavior [ RunTime:0.008226s ]
INFO: [ view_parse ] --END-- [ RunTime:0.008441s ]
INFO: [ view_filter ] --START--
INFO: Run Behavior\WriteHtmlCacheBehavior [ RunTime:0.000535s ]
INFO: [ view_filter ] --END-- [ RunTime:0.000672s ]
INFO: [ app_end ] --START--
INFO: Run Behavior\ShowPageTraceBehavior [ RunTime:0.000690s ]
INFO: [ app_end ] --END-- [ RunTime:0.000827s ]

